# JRE version: OpenJDK Runtime Environment Temurin-21.0.8+9 (21.0.8+9) (build 21.0.8+9-LTS)
# Java VM: OpenJDK 64-Bit Server VM Temurin-21.0.8+9 (21.0.8+9-LTS, mixed mode, sharing, tiered, compressed oops, compressed class ptrs, parallel gc, windows-amd64)
GC Precious Log:
 CardTable entry size: 512
 CPUs: 16 total, 16 available
 Memory: 7863M
 Large Page Support: Disabled
 NUMA Support: Disabled
 Compressed Oops: Enabled (32-bit)
 Alignments: Space 512K, Generation 512K, Heap 2M
 Heap Min Capacity: 100M
 Heap Initial Capacity: 100M
 Heap Max Capacity: 2G
 Pre-touch: Disabled
 Parallel Workers: 13
Heap:
 PSYoungGen      total 2048K, used 544K [0x00000000d5580000, 0x00000000d5880000, 0x0000000100000000)
  eden space 1024K, 0% used [0x00000000d5580000,0x00000000d5580018,0x00000000d5680000)
  from space 1024K, 53% used [0x00000000d5780000,0x00000000d5808000,0x00000000d5880000)
  to   space 1024K, 0% used [0x00000000d5680000,0x00000000d5680000,0x00000000d5780000)
 ParOldGen       total 420352K, used 419963K [0x0000000080000000, 0x0000000099a80000, 0x00000000d5580000)
  object space 420352K, 99% used [0x0000000080000000,0x0000000099a1ed20,0x0000000099a80000)
 Metaspace       used 62556K, committed 64000K, reserved 1114112K
  class space    used 6491K, committed 7104K, reserved 1048576K
GC Heap History (20 events):
Event: 24.289 GC heap before
{Heap before GC invocations=389 (full 3):
 PSYoungGen      total 2048K, used 1655K [0x00000000d5580000, 0x00000000d5880000, 0x0000000100000000)
  eden space 1024K, 92% used [0x00000000d5580000,0x00000000d566dfe8,0x00000000d5680000)
  from space 1024K, 68% used [0x00000000d5680000,0x00000000d5730000,0x00000000d5780000)
  to   space 1024K, 0% used [0x00000000d5780000,0x00000000d5780000,0x00000000d5880000)
 ParOldGen       total 412160K, used 412041K [0x0000000080000000, 0x0000000099280000, 0x00000000d5580000)
  object space 412160K, 99% used [0x0000000080000000,0x0000000099262500,0x0000000099280000)
 Metaspace       used 62429K, committed 63872K, reserved 1114112K
  class space    used 6488K, committed 7104K, reserved 1048576K
}
Event: 24.290 GC heap after
{Heap after GC invocations=389 (full 3):
 PSYoungGen      total 2048K, used 710K [0x00000000d5580000, 0x00000000d5880000, 0x0000000100000000)
  eden space 1024K, 0% used [0x00000000d5580000,0x00000000d5580000,0x00000000d5680000)
  from space 1024K, 69% used [0x00000000d5780000,0x00000000d5831808,0x00000000d5880000)
  to   space 1024K, 0% used [0x00000000d5680000,0x00000000d5680000,0x00000000d5780000)
 ParOldGen       total 412672K, used 412601K [0x0000000080000000, 0x0000000099300000, 0x00000000d5580000)
  object space 412672K, 99% used [0x0000000080000000,0x00000000992ee510,0x0000000099300000)
 Metaspace       used 62429K, committed 63872K, reserved 1114112K
  class space    used 6488K, committed 7104K, reserved 1048576K
}
Event: 24.300 GC heap before
{Heap before GC invocations=390 (full 3):
 PSYoungGen      total 2048K, used 1734K [0x00000000d5580000, 0x00000000d5880000, 0x0000000100000000)
  eden space 1024K, 100% used [0x00000000d5580000,0x00000000d5680000,0x00000000d5680000)
  from space 1024K, 69% used [0x00000000d5780000,0x00000000d5831808,0x00000000d5880000)
  to   space 1024K, 0% used [0x00000000d5680000,0x00000000d5680000,0x00000000d5780000)
 ParOldGen       total 412672K, used 412601K [0x0000000080000000, 0x0000000099300000, 0x00000000d5580000)
  object space 412672K, 99% used [0x0000000080000000,0x00000000992ee510,0x0000000099300000)
 Metaspace       used 62436K, committed 63872K, reserved 1114112K
  class space    used 6488K, committed 7104K, reserved 1048576K
}
Event: 24.302 GC heap after
{Heap after GC invocations=390 (full 3):
 PSYoungGen      total 2048K, used 812K [0x00000000d5580000, 0x00000000d5880000, 0x0000000100000000)
  eden space 1024K, 0% used [0x00000000d5580000,0x00000000d5580000,0x00000000d5680000)
  from space 1024K, 79% used [0x00000000d5680000,0x00000000d574b398,0x00000000d5780000)
  to   space 1024K, 0% used [0x00000000d5780000,0x00000000d5780000,0x00000000d5880000)
 ParOldGen       total 413184K, used 413071K [0x0000000080000000, 0x0000000099380000, 0x00000000d5580000)
  object space 413184K, 99% used [0x0000000080000000,0x0000000099363f90,0x0000000099380000)
 Metaspace       used 62436K, committed 63872K, reserved 1114112K
  class space    used 6488K, committed 7104K, reserved 1048576K
}
Event: 24.315 GC heap before
{Heap before GC invocations=391 (full 3):
 PSYoungGen      total 2048K, used 1836K [0x00000000d5580000, 0x00000000d5880000, 0x0000000100000000)
  eden space 1024K, 100% used [0x00000000d5580000,0x00000000d5680000,0x00000000d5680000)
  from space 1024K, 79% used [0x00000000d5680000,0x00000000d574b398,0x00000000d5780000)
  to   space 1024K, 0% used [0x00000000d5780000,0x00000000d5780000,0x00000000d5880000)
 ParOldGen       total 413184K, used 413071K [0x0000000080000000, 0x0000000099380000, 0x00000000d5580000)
  object space 413184K, 99% used [0x0000000080000000,0x0000000099363f90,0x0000000099380000)
 Metaspace       used 62443K, committed 63872K, reserved 1114112K
  class space    used 6488K, committed 7104K, reserved 1048576K
}
Event: 24.316 GC heap after
{Heap after GC invocations=391 (full 3):
 PSYoungGen      total 2048K, used 700K [0x00000000d5580000, 0x00000000d5880000, 0x0000000100000000)
  eden space 1024K, 0% used [0x00000000d5580000,0x00000000d5580000,0x00000000d5680000)
  from space 1024K, 68% used [0x00000000d5780000,0x00000000d582f048,0x00000000d5880000)
  to   space 1024K, 0% used [0x00000000d5680000,0x00000000d5680000,0x00000000d5780000)
 ParOldGen       total 414208K, used 413819K [0x0000000080000000, 0x0000000099480000, 0x00000000d5580000)
  object space 414208K, 99% used [0x0000000080000000,0x000000009941edc0,0x0000000099480000)
 Metaspace       used 62443K, committed 63872K, reserved 1114112K
  class space    used 6488K, committed 7104K, reserved 1048576K
}
Event: 24.320 GC heap before
{Heap before GC invocations=392 (full 3):
 PSYoungGen      total 2048K, used 1724K [0x00000000d5580000, 0x00000000d5880000, 0x0000000100000000)
  eden space 1024K, 99% used [0x00000000d5580000,0x00000000d567fff0,0x00000000d5680000)
  from space 1024K, 68% used [0x00000000d5780000,0x00000000d582f048,0x00000000d5880000)
  to   space 1024K, 0% used [0x00000000d5680000,0x00000000d5680000,0x00000000d5780000)
 ParOldGen       total 414208K, used 413819K [0x0000000080000000, 0x0000000099480000, 0x00000000d5580000)
  object space 414208K, 99% used [0x0000000080000000,0x000000009941edc0,0x0000000099480000)
 Metaspace       used 62443K, committed 63872K, reserved 1114112K
  class space    used 6488K, committed 7104K, reserved 1048576K
}
Event: 24.321 GC heap after
{Heap after GC invocations=392 (full 3):
 PSYoungGen      total 2048K, used 576K [0x00000000d5580000, 0x00000000d5880000, 0x0000000100000000)
  eden space 1024K, 0% used [0x00000000d5580000,0x00000000d5580000,0x00000000d5680000)
  from space 1024K, 56% used [0x00000000d5680000,0x00000000d5710000,0x00000000d5780000)
  to   space 1024K, 0% used [0x00000000d5780000,0x00000000d5780000,0x00000000d5880000)
 ParOldGen       total 414720K, used 414326K [0x0000000080000000, 0x0000000099500000, 0x00000000d5580000)
  object space 414720K, 99% used [0x0000000080000000,0x000000009949d828,0x0000000099500000)
 Metaspace       used 62443K, committed 63872K, reserved 1114112K
  class space    used 6488K, committed 7104K, reserved 1048576K
}
Event: 24.329 GC heap before
{Heap before GC invocations=393 (full 3):
 PSYoungGen      total 2048K, used 1558K [0x00000000d5580000, 0x00000000d5880000, 0x0000000100000000)
  eden space 1024K, 95% used [0x00000000d5580000,0x00000000d5675a70,0x00000000d5680000)
  from space 1024K, 56% used [0x00000000d5680000,0x00000000d5710000,0x00000000d5780000)
  to   space 1024K, 0% used [0x00000000d5780000,0x00000000d5780000,0x00000000d5880000)
 ParOldGen       total 414720K, used 414326K [0x0000000080000000, 0x0000000099500000, 0x00000000d5580000)
  object space 414720K, 99% used [0x0000000080000000,0x000000009949d828,0x0000000099500000)
 Metaspace       used 62447K, committed 63872K, reserved 1114112K
  class space    used 6488K, committed 7104K, reserved 1048576K
}
Event: 24.330 GC heap after
{Heap after GC invocations=393 (full 3):
 PSYoungGen      total 2048K, used 669K [0x00000000d5580000, 0x00000000d5880000, 0x0000000100000000)
  eden space 1024K, 0% used [0x00000000d5580000,0x00000000d5580000,0x00000000d5680000)
  from space 1024K, 65% used [0x00000000d5780000,0x00000000d5827690,0x00000000d5880000)
  to   space 1024K, 0% used [0x00000000d5680000,0x00000000d5680000,0x00000000d5780000)
 ParOldGen       total 415232K, used 414774K [0x0000000080000000, 0x0000000099580000, 0x00000000d5580000)
  object space 415232K, 99% used [0x0000000080000000,0x000000009950d858,0x0000000099580000)
 Metaspace       used 62447K, committed 63872K, reserved 1114112K
  class space    used 6488K, committed 7104K, reserved 1048576K
}
Event: 24.339 GC heap before
{Heap before GC invocations=394 (full 3):
 PSYoungGen      total 2048K, used 1693K [0x00000000d5580000, 0x00000000d5880000, 0x0000000100000000)
  eden space 1024K, 100% used [0x00000000d5580000,0x00000000d5680000,0x00000000d5680000)
  from space 1024K, 65% used [0x00000000d5780000,0x00000000d5827690,0x00000000d5880000)
  to   space 1024K, 0% used [0x00000000d5680000,0x00000000d5680000,0x00000000d5780000)
 ParOldGen       total 415232K, used 414774K [0x0000000080000000, 0x0000000099580000, 0x00000000d5580000)
  object space 415232K, 99% used [0x0000000080000000,0x000000009950d858,0x0000000099580000)
 Metaspace       used 62454K, committed 63872K, reserved 1114112K
  class space    used 6488K, committed 7104K, reserved 1048576K
}
Event: 24.340 GC heap after
{Heap after GC invocations=394 (full 3):
 PSYoungGen      total 2048K, used 748K [0x00000000d5580000, 0x00000000d5880000, 0x0000000100000000)
  eden space 1024K, 0% used [0x00000000d5580000,0x00000000d5580000,0x00000000d5680000)
  from space 1024K, 73% used [0x00000000d5680000,0x00000000d573b398,0x00000000d5780000)
  to   space 1024K, 0% used [0x00000000d5780000,0x00000000d5780000,0x00000000d5880000)
 ParOldGen       total 415744K, used 415333K [0x0000000080000000, 0x0000000099600000, 0x00000000d5580000)
  object space 415744K, 99% used [0x0000000080000000,0x0000000099599798,0x0000000099600000)
 Metaspace       used 62454K, committed 63872K, reserved 1114112K
  class space    used 6488K, committed 7104K, reserved 1048576K
}
Event: 24.351 GC heap before
{Heap before GC invocations=395 (full 3):
 PSYoungGen      total 2048K, used 1772K [0x00000000d5580000, 0x00000000d5880000, 0x0000000100000000)
  eden space 1024K, 100% used [0x00000000d5580000,0x00000000d5680000,0x00000000d5680000)
  from space 1024K, 73% used [0x00000000d5680000,0x00000000d573b398,0x00000000d5780000)
  to   space 1024K, 0% used [0x00000000d5780000,0x00000000d5780000,0x00000000d5880000)
 ParOldGen       total 415744K, used 415333K [0x0000000080000000, 0x0000000099600000, 0x00000000d5580000)
  object space 415744K, 99% used [0x0000000080000000,0x0000000099599798,0x0000000099600000)
 Metaspace       used 62493K, committed 63936K, reserved 1114112K
  class space    used 6488K, committed 7104K, reserved 1048576K
}
Event: 24.353 GC heap after
{Heap after GC invocations=395 (full 3):
 PSYoungGen      total 2048K, used 754K [0x00000000d5580000, 0x00000000d5880000, 0x0000000100000000)
  eden space 1024K, 0% used [0x00000000d5580000,0x00000000d5580000,0x00000000d5680000)
  from space 1024K, 73% used [0x00000000d5780000,0x00000000d583c890,0x00000000d5880000)
  to   space 1024K, 0% used [0x00000000d5680000,0x00000000d5680000,0x00000000d5780000)
 ParOldGen       total 416256K, used 416006K [0x0000000080000000, 0x0000000099680000, 0x00000000d5580000)
  object space 416256K, 99% used [0x0000000080000000,0x0000000099641988,0x0000000099680000)
 Metaspace       used 62493K, committed 63936K, reserved 1114112K
  class space    used 6488K, committed 7104K, reserved 1048576K
}
Event: 24.364 GC heap before
{Heap before GC invocations=396 (full 3):
 PSYoungGen      total 2048K, used 1778K [0x00000000d5580000, 0x00000000d5880000, 0x0000000100000000)
  eden space 1024K, 100% used [0x00000000d5580000,0x00000000d5680000,0x00000000d5680000)
  from space 1024K, 73% used [0x00000000d5780000,0x00000000d583c890,0x00000000d5880000)
  to   space 1024K, 0% used [0x00000000d5680000,0x00000000d5680000,0x00000000d5780000)
 ParOldGen       total 416256K, used 416006K [0x0000000080000000, 0x0000000099680000, 0x00000000d5580000)
  object space 416256K, 99% used [0x0000000080000000,0x0000000099641988,0x0000000099680000)
 Metaspace       used 62497K, committed 63936K, reserved 1114112K
  class space    used 6488K, committed 7104K, reserved 1048576K
}
Event: 24.365 GC heap after
{Heap after GC invocations=396 (full 3):
 PSYoungGen      total 2048K, used 864K [0x00000000d5580000, 0x00000000d5880000, 0x0000000100000000)
  eden space 1024K, 0% used [0x00000000d5580000,0x00000000d5580000,0x00000000d5680000)
  from space 1024K, 84% used [0x00000000d5680000,0x00000000d5758000,0x00000000d5780000)
  to   space 1024K, 0% used [0x00000000d5780000,0x00000000d5780000,0x00000000d5880000)
 ParOldGen       total 416768K, used 416533K [0x0000000080000000, 0x0000000099700000, 0x00000000d5580000)
  object space 416768K, 99% used [0x0000000080000000,0x00000000996c5748,0x0000000099700000)
 Metaspace       used 62497K, committed 63936K, reserved 1114112K
  class space    used 6488K, committed 7104K, reserved 1048576K
}
Event: 24.369 GC heap before
{Heap before GC invocations=397 (full 3):
 PSYoungGen      total 2048K, used 1888K [0x00000000d5580000, 0x00000000d5880000, 0x0000000100000000)
  eden space 1024K, 100% used [0x00000000d5580000,0x00000000d5680000,0x00000000d5680000)
  from space 1024K, 84% used [0x00000000d5680000,0x00000000d5758000,0x00000000d5780000)
  to   space 1024K, 0% used [0x00000000d5780000,0x00000000d5780000,0x00000000d5880000)
 ParOldGen       total 416768K, used 416533K [0x0000000080000000, 0x0000000099700000, 0x00000000d5580000)
  object space 416768K, 99% used [0x0000000080000000,0x00000000996c5748,0x0000000099700000)
 Metaspace       used 62507K, committed 63936K, reserved 1114112K
  class space    used 6491K, committed 7104K, reserved 1048576K
}
Event: 24.371 GC heap after
{Heap after GC invocations=397 (full 3):
 PSYoungGen      total 2048K, used 576K [0x00000000d5580000, 0x00000000d5880000, 0x0000000100000000)
  eden space 1024K, 0% used [0x00000000d5580000,0x00000000d5580000,0x00000000d5680000)
  from space 1024K, 56% used [0x00000000d5780000,0x00000000d5810020,0x00000000d5880000)
  to   space 1024K, 0% used [0x00000000d5680000,0x00000000d5680000,0x00000000d5780000)
 ParOldGen       total 417280K, used 417124K [0x0000000080000000, 0x0000000099780000, 0x00000000d5580000)
  object space 417280K, 99% used [0x0000000080000000,0x0000000099759170,0x0000000099780000)
 Metaspace       used 62507K, committed 63936K, reserved 1114112K
  class space    used 6491K, committed 7104K, reserved 1048576K
}
Event: 24.376 GC heap before
{Heap before GC invocations=398 (full 3):
 PSYoungGen      total 2048K, used 1600K [0x00000000d5580000, 0x00000000d5880000, 0x0000000100000000)
  eden space 1024K, 100% used [0x00000000d5580000,0x00000000d5680000,0x00000000d5680000)
  from space 1024K, 56% used [0x00000000d5780000,0x00000000d5810020,0x00000000d5880000)
  to   space 1024K, 0% used [0x00000000d5680000,0x00000000d5680000,0x00000000d5780000)
 ParOldGen       total 417280K, used 417124K [0x0000000080000000, 0x0000000099780000, 0x00000000d5580000)
  object space 417280K, 99% used [0x0000000080000000,0x0000000099759170,0x0000000099780000)
 Metaspace       used 62523K, committed 63936K, reserved 1114112K
  class space    used 6491K, committed 7104K, reserved 1048576K
}
Event: 24.378 GC heap after
{Heap after GC invocations=398 (full 3):
 PSYoungGen      total 2048K, used 704K [0x00000000d5580000, 0x00000000d5880000, 0x0000000100000000)
  eden space 1024K, 0% used [0x00000000d5580000,0x00000000d5580000,0x00000000d5680000)
  from space 1024K, 68% used [0x00000000d5680000,0x00000000d5730000,0x00000000d5780000)
  to   space 1024K, 0% used [0x00000000d5780000,0x00000000d5780000,0x00000000d5880000)
 ParOldGen       total 417792K, used 417452K [0x0000000080000000, 0x0000000099800000, 0x00000000d5580000)
  object space 417792K, 99% used [0x0000000080000000,0x00000000997ab190,0x0000000099800000)
 Metaspace       used 62523K, committed 63936K, reserved 1114112K
  class space    used 6491K, committed 7104K, reserved 1048576K
}

